<?xml version="1.0" encoding="UTF-8"?>
<!-- Generated by org.testng.reporters.JUnitXMLReporter -->
<testsuite ignored="0" hostname="DESKTOP-RD24V25" failures="0" tests="4" name="Test" time="55.274" errors="0" timestamp="17 Jul 2021 02:24:45 GMT">
  <testcase classname="dataDriven.BothCorrect" name="loginWithBothCorrect" time="22.552"/>
  <testcase classname="dataDriven.CorrectUsername" name="loginWithCorrectUsername" time="11.965"/>
  <testcase classname="dataDriven.CorrectPassword" name="loginWithCorrectPassword" time="10.6"/>
  <testcase classname="dataDriven.BothIncorrect" name="loginWithBothIncorrect" time="10.103"/>
</testsuite> <!-- Test -->
