<?xml version="1.0" encoding="UTF-8"?>
<testng-results ignored="0" total="5" passed="4" failed="1" skipped="0">
  <reporter-output>
  </reporter-output>
  <suite started-at="2021-07-21T14:46:15Z" name="Default suite" finished-at="2021-07-21T14:46:28Z" duration-ms="12526">
    <groups>
    </groups>
    <test started-at="2021-07-21T14:46:15Z" name="Default test" finished-at="2021-07-21T14:46:28Z" duration-ms="12526">
      <class name="dataDriven.LogindatawithDPandExcel">
        <test-method is-config="true" signature="browserLaunch()[pri:0, instance:dataDriven.LogindatawithDPandExcel@1ca3b418]" started-at="2021-07-21T14:46:15Z" name="browserLaunch" finished-at="2021-07-21T14:46:19Z" duration-ms="3734" status="PASS">
          <reporter-output>
          </reporter-output>
        </test-method> <!-- browserLaunch -->
        <test-method signature="loginWithCorrectUsername(java.lang.String, java.lang.String)[pri:0, instance:dataDriven.LogindatawithDPandExcel@1ca3b418]" started-at="2021-07-21T14:46:20Z" name="loginWithCorrectUsername" data-provider="datas" finished-at="2021-07-21T14:46:25Z" duration-ms="4527" status="PASS">
          <params>
            <param index="0">
              <value>
                <![CDATA[Admin]]>
              </value>
            </param>
            <param index="1">
              <value>
                <![CDATA[admin123]]>
              </value>
            </param>
          </params>
          <reporter-output>
          </reporter-output>
        </test-method> <!-- loginWithCorrectUsername -->
        <test-method signature="loginWithCorrectUsername(java.lang.String, java.lang.String)[pri:0, instance:dataDriven.LogindatawithDPandExcel@1ca3b418]" started-at="2021-07-21T14:46:25Z" name="loginWithCorrectUsername" data-provider="datas" finished-at="2021-07-21T14:46:25Z" duration-ms="972" status="PASS">
          <params>
            <param index="0">
              <value>
                <![CDATA[Adminwrong]]>
              </value>
            </param>
            <param index="1">
              <value>
                <![CDATA[admin123]]>
              </value>
            </param>
          </params>
          <reporter-output>
          </reporter-output>
        </test-method> <!-- loginWithCorrectUsername -->
        <test-method signature="loginWithCorrectUsername(java.lang.String, java.lang.String)[pri:0, instance:dataDriven.LogindatawithDPandExcel@1ca3b418]" started-at="2021-07-21T14:46:25Z" name="loginWithCorrectUsername" data-provider="datas" finished-at="2021-07-21T14:46:26Z" duration-ms="724" status="PASS">
          <params>
            <param index="0">
              <value>
                <![CDATA[Admin]]>
              </value>
            </param>
            <param index="1">
              <value>
                <![CDATA[admin123wrong]]>
              </value>
            </param>
          </params>
          <reporter-output>
          </reporter-output>
        </test-method> <!-- loginWithCorrectUsername -->
        <test-method signature="loginWithCorrectUsername(java.lang.String, java.lang.String)[pri:0, instance:dataDriven.LogindatawithDPandExcel@1ca3b418]" started-at="2021-07-21T14:46:26Z" name="loginWithCorrectUsername" data-provider="datas" finished-at="2021-07-21T14:46:27Z" duration-ms="708" status="PASS">
          <params>
            <param index="0">
              <value>
                <![CDATA[Adminwrong]]>
              </value>
            </param>
            <param index="1">
              <value>
                <![CDATA[admin123wrong]]>
              </value>
            </param>
          </params>
          <reporter-output>
          </reporter-output>
        </test-method> <!-- loginWithCorrectUsername -->
        <test-method signature="loginWithCorrectUsername(java.lang.String, java.lang.String)[pri:0, instance:dataDriven.LogindatawithDPandExcel@1ca3b418]" started-at="2021-07-21T14:46:27Z" name="loginWithCorrectUsername" data-provider="datas" finished-at="2021-07-21T14:46:28Z" duration-ms="636" status="FAIL">
          <params>
            <param index="0">
              <value is-null="true"/>
            </param>
            <param index="1">
              <value is-null="true"/>
            </param>
          </params>
          <exception class="java.lang.IllegalArgumentException">
            <message>
              <![CDATA[Keys to send should be a not null CharSequence]]>
            </message>
            <full-stacktrace>
              <![CDATA[java.lang.IllegalArgumentException: Keys to send should be a not null CharSequence
at org.openqa.selenium.remote.RemoteWebElement.sendKeys(RemoteWebElement.java:97)
at dataDriven.LogindatawithDPandExcel.loginWithCorrectUsername(LogindatawithDPandExcel.java:75)
at java.base/jdk.internal.reflect.NativeMethodAccessorImpl.invoke0(Native Method)
at java.base/jdk.internal.reflect.NativeMethodAccessorImpl.invoke(NativeMethodAccessorImpl.java:78)
at java.base/jdk.internal.reflect.DelegatingMethodAccessorImpl.invoke(DelegatingMethodAccessorImpl.java:43)
at java.base/java.lang.reflect.Method.invoke(Method.java:567)
at org.testng.internal.MethodInvocationHelper.invokeMethod(MethodInvocationHelper.java:124)
at org.testng.internal.Invoker.invokeMethod(Invoker.java:583)
at org.testng.internal.Invoker.invokeTestMethod(Invoker.java:719)
at org.testng.internal.Invoker.invokeTestMethods(Invoker.java:989)
at org.testng.internal.TestMethodWorker.invokeTestMethods(TestMethodWorker.java:125)
at org.testng.internal.TestMethodWorker.run(TestMethodWorker.java:109)
at org.testng.TestRunner.privateRun(TestRunner.java:648)
at org.testng.TestRunner.run(TestRunner.java:505)
at org.testng.SuiteRunner.runTest(SuiteRunner.java:455)
at org.testng.SuiteRunner.runSequentially(SuiteRunner.java:450)
at org.testng.SuiteRunner.privateRun(SuiteRunner.java:415)
at org.testng.SuiteRunner.run(SuiteRunner.java:364)
at org.testng.SuiteRunnerWorker.runSuite(SuiteRunnerWorker.java:52)
at org.testng.SuiteRunnerWorker.run(SuiteRunnerWorker.java:84)
at org.testng.TestNG.runSuitesSequentially(TestNG.java:1208)
at org.testng.TestNG.runSuitesLocally(TestNG.java:1137)
at org.testng.TestNG.runSuites(TestNG.java:1049)
at org.testng.TestNG.run(TestNG.java:1017)
at org.testng.remote.AbstractRemoteTestNG.run(AbstractRemoteTestNG.java:115)
at org.testng.remote.RemoteTestNG.initAndRun(RemoteTestNG.java:251)
at org.testng.remote.RemoteTestNG.main(RemoteTestNG.java:77)
]]>
            </full-stacktrace>
          </exception> <!-- java.lang.IllegalArgumentException -->
          <reporter-output>
          </reporter-output>
        </test-method> <!-- loginWithCorrectUsername -->
        <test-method is-config="true" signature="closeDriver()[pri:0, instance:dataDriven.LogindatawithDPandExcel@1ca3b418]" started-at="2021-07-21T14:46:28Z" name="closeDriver" finished-at="2021-07-21T14:46:28Z" duration-ms="163" status="PASS">
          <reporter-output>
          </reporter-output>
        </test-method> <!-- closeDriver -->
      </class> <!-- dataDriven.LogindatawithDPandExcel -->
    </test> <!-- Default test -->
  </suite> <!-- Default suite -->
</testng-results>
